-- The C compiler identification is GNU 11.4.0
-- The CXX compiler identification is GNU 11.4.0
-- Detecting C compiler ABI info
-- Detecting C compiler ABI info - done
-- Check for working C compiler: /usr/bin/cc - skipped
-- Detecting C compile features
-- Detecting C compile features - done
-- Detecting CXX compiler ABI info
-- Detecting CXX compiler ABI info - done
-- Check for working CXX compiler: /usr/bin/c++ - skipped
-- Detecting CXX compile features
-- Detecting CXX compile features - done
-- Found ament_cmake: 1.3.12 (/opt/ros/humble/share/ament_cmake/cmake)
-- Found Python3: /usr/bin/python3 (found version "3.10.12") found components: Interpreter
-- Override CMake install command with custom implementation using symlinks instead of copying resources
-- Found rclcpp: 16.0.17 (/opt/ros/humble/share/rclcpp/cmake)
-- Found rosidl_generator_c: 3.1.8 (/opt/ros/humble/share/rosidl_generator_c/cmake)
-- Found rosidl_adapter: 3.1.8 (/opt/ros/humble/share/rosidl_adapter/cmake)
-- Found rosidl_generator_cpp: 3.1.8 (/opt/ros/humble/share/rosidl_generator_cpp/cmake)
-- Using all available rosidl_typesupport_c: rosidl_typesupport_fastrtps_c;rosidl_typesupport_introspection_c
-- Using all available rosidl_typesupport_cpp: rosidl_typesupport_fastrtps_cpp;rosidl_typesupport_introspection_cpp
-- Found rmw_implementation_cmake: 6.1.2 (/opt/ros/humble/share/rmw_implementation_cmake/cmake)
-- Found rmw_fastrtps_cpp: 6.2.9 (/opt/ros/humble/share/rmw_fastrtps_cpp/cmake)
-- Found OpenSSL: /usr/lib/x86_64-linux-gnu/libcrypto.so (found version "3.0.2")
-- Found FastRTPS: /opt/ros/humble/include
-- Using RMW implementation 'rmw_fastrtps_cpp' as default
-- Performing Test CMAKE_HAVE_LIBC_PTHREAD
-- Performing Test CMAKE_HAVE_LIBC_PTHREAD - Success
-- Found Threads: TRUE
-- Found sensor_msgs: 4.9.0 (/opt/ros/humble/share/sensor_msgs/cmake)
-- Configuring done (1.2s)
-- Generating done (0.0s)
-- Build files have been written to: /home/rainbow/test_ws/src/rby1_ros2/rby1_driver/build/rby1_driver
[ 33%] [32mBuilding CXX object CMakeFiles/rby1_ros2_driver.dir/src/rby1_ros2_driver.cpp.o[0m
[ 66%] [32mBuilding CXX object CMakeFiles/rby1_ros2_driver.dir/src/main.cpp.o[0m
[100%] [32m[1mLinking CXX executable rby1_ros2_driver[0m
[100%] Built target rby1_ros2_driver
-- Install configuration: ""
-- Execute custom install script
-- Symlinking: /home/rainbow/test_ws/src/rby1_ros2/rby1_driver/install/rby1_driver/lib/rby1_driver/rby1_ros2_driver
-- Symlinking: /home/rainbow/test_ws/src/rby1_ros2/rby1_driver/install/rby1_driver/share/rby1_driver/launch/rby1_ros2_driver.launch.py
-- Symlinking: /home/rainbow/test_ws/src/rby1_ros2/rby1_driver/install/rby1_driver/share/rby1_driver/config/driver_parameters.yaml
-- Symlinking: /home/rainbow/test_ws/src/rby1_ros2/rby1_driver/install/rby1_driver/share/ament_index/resource_index/package_run_dependencies/rby1_driver
-- Symlinking: /home/rainbow/test_ws/src/rby1_ros2/rby1_driver/install/rby1_driver/share/ament_index/resource_index/parent_prefix_path/rby1_driver
-- Symlinking: /home/rainbow/test_ws/src/rby1_ros2/rby1_driver/install/rby1_driver/share/rby1_driver/environment/ament_prefix_path.sh
-- Symlinking: /home/rainbow/test_ws/src/rby1_ros2/rby1_driver/install/rby1_driver/share/rby1_driver/environment/ament_prefix_path.dsv
-- Symlinking: /home/rainbow/test_ws/src/rby1_ros2/rby1_driver/install/rby1_driver/share/rby1_driver/environment/path.sh
-- Symlinking: /home/rainbow/test_ws/src/rby1_ros2/rby1_driver/install/rby1_driver/share/rby1_driver/environment/path.dsv
-- Symlinking: /home/rainbow/test_ws/src/rby1_ros2/rby1_driver/install/rby1_driver/share/rby1_driver/local_setup.bash
-- Symlinking: /home/rainbow/test_ws/src/rby1_ros2/rby1_driver/install/rby1_driver/share/rby1_driver/local_setup.sh
-- Symlinking: /home/rainbow/test_ws/src/rby1_ros2/rby1_driver/install/rby1_driver/share/rby1_driver/local_setup.zsh
-- Symlinking: /home/rainbow/test_ws/src/rby1_ros2/rby1_driver/install/rby1_driver/share/rby1_driver/local_setup.dsv
-- Symlinking: /home/rainbow/test_ws/src/rby1_ros2/rby1_driver/install/rby1_driver/share/rby1_driver/package.dsv
-- Symlinking: /home/rainbow/test_ws/src/rby1_ros2/rby1_driver/install/rby1_driver/share/ament_index/resource_index/packages/rby1_driver
-- Symlinking: /home/rainbow/test_ws/src/rby1_ros2/rby1_driver/install/rby1_driver/share/rby1_driver/cmake/rby1_driverConfig.cmake
-- Symlinking: /home/rainbow/test_ws/src/rby1_ros2/rby1_driver/install/rby1_driver/share/rby1_driver/cmake/rby1_driverConfig-version.cmake
-- Symlinking: /home/rainbow/test_ws/src/rby1_ros2/rby1_driver/install/rby1_driver/share/rby1_driver/package.xml
