[0.012s] Invoking command in '/home/rainbow/test_ws/src/rby1_ros2/rby1_driver/build/rby1_driver': CMAKE_PREFIX_PATH=${CMAKE_PREFIX_PATH}:/home/rainbow/ws_moveit2/install/moveit_configs_utils:/home/rainbow/ws_moveit2/install/launch_param_builder:/home/rainbow/rby1_ros2_ws/install/rby1_subscriber_pkg:/home/rainbow/rby1_ros2_ws/install/rby1_mobile_control:/opt/ros/humble /opt/cmake/bin/cmake /home/rainbow/test_ws/src/rby1_ros2/rby1_driver -DAMENT_CMAKE_SYMLINK_INSTALL=1 -DCMAKE_INSTALL_PREFIX=/home/rainbow/test_ws/src/rby1_ros2/rby1_driver/install/rby1_driver
[0.054s] -- The C compiler identification is GNU 11.4.0
[0.098s] -- The CXX compiler identification is GNU 11.4.0
[0.108s] -- Detecting C compiler ABI info
[0.163s] -- Detecting C compiler ABI info - done
[0.174s] -- Check for working C compiler: /usr/bin/cc - skipped
[0.174s] -- Detecting C compile features
[0.175s] -- Detecting C compile features - done
[0.177s] -- Detecting CXX compiler ABI info
[0.239s] -- Detecting CXX compiler ABI info - done
[0.251s] -- Check for working CXX compiler: /usr/bin/c++ - skipped
[0.251s] -- Detecting CXX compile features
[0.252s] -- Detecting CXX compile features - done
[0.259s] -- Found ament_cmake: 1.3.12 (/opt/ros/humble/share/ament_cmake/cmake)
[0.365s] -- Found Python3: /usr/bin/python3 (found version "3.10.12") found components: Interpreter
[0.404s] -- Override CMake install command with custom implementation using symlinks instead of copying resources
[0.497s] -- Found rclcpp: 16.0.17 (/opt/ros/humble/share/rclcpp/cmake)
[0.584s] -- Found rosidl_generator_c: 3.1.8 (/opt/ros/humble/share/rosidl_generator_c/cmake)
[0.597s] -- Found rosidl_adapter: 3.1.8 (/opt/ros/humble/share/rosidl_adapter/cmake)
[0.614s] -- Found rosidl_generator_cpp: 3.1.8 (/opt/ros/humble/share/rosidl_generator_cpp/cmake)
[0.634s] -- Using all available rosidl_typesupport_c: rosidl_typesupport_fastrtps_c;rosidl_typesupport_introspection_c
[0.661s] -- Using all available rosidl_typesupport_cpp: rosidl_typesupport_fastrtps_cpp;rosidl_typesupport_introspection_cpp
[0.752s] -- Found rmw_implementation_cmake: 6.1.2 (/opt/ros/humble/share/rmw_implementation_cmake/cmake)
[0.760s] -- Found rmw_fastrtps_cpp: 6.2.9 (/opt/ros/humble/share/rmw_fastrtps_cpp/cmake)
[0.879s] -- Found OpenSSL: /usr/lib/x86_64-linux-gnu/libcrypto.so (found version "3.0.2")
[0.910s] -- Found FastRTPS: /opt/ros/humble/include
[0.957s] -- Using RMW implementation 'rmw_fastrtps_cpp' as default
[0.978s] -- Performing Test CMAKE_HAVE_LIBC_PTHREAD
[1.041s] -- Performing Test CMAKE_HAVE_LIBC_PTHREAD - Success
[1.042s] -- Found Threads: TRUE
[1.107s] -- Found sensor_msgs: 4.9.0 (/opt/ros/humble/share/sensor_msgs/cmake)
[1.193s] -- Configuring done (1.2s)
[1.200s] -- Generating done (0.0s)
[1.202s] -- Build files have been written to: /home/rainbow/test_ws/src/rby1_ros2/rby1_driver/build/rby1_driver
[1.209s] Invoked command in '/home/rainbow/test_ws/src/rby1_ros2/rby1_driver/build/rby1_driver' returned '0': CMAKE_PREFIX_PATH=${CMAKE_PREFIX_PATH}:/home/rainbow/ws_moveit2/install/moveit_configs_utils:/home/rainbow/ws_moveit2/install/launch_param_builder:/home/rainbow/rby1_ros2_ws/install/rby1_subscriber_pkg:/home/rainbow/rby1_ros2_ws/install/rby1_mobile_control:/opt/ros/humble /opt/cmake/bin/cmake /home/rainbow/test_ws/src/rby1_ros2/rby1_driver -DAMENT_CMAKE_SYMLINK_INSTALL=1 -DCMAKE_INSTALL_PREFIX=/home/rainbow/test_ws/src/rby1_ros2/rby1_driver/install/rby1_driver
[1.210s] Invoking command in '/home/rainbow/test_ws/src/rby1_ros2/rby1_driver/build/rby1_driver': CMAKE_PREFIX_PATH=${CMAKE_PREFIX_PATH}:/home/rainbow/ws_moveit2/install/moveit_configs_utils:/home/rainbow/ws_moveit2/install/launch_param_builder:/home/rainbow/rby1_ros2_ws/install/rby1_subscriber_pkg:/home/rainbow/rby1_ros2_ws/install/rby1_mobile_control:/opt/ros/humble /opt/cmake/bin/cmake --build /home/rainbow/test_ws/src/rby1_ros2/rby1_driver/build/rby1_driver -- -j16 -l16
[1.238s] [ 33%] [32mBuilding CXX object CMakeFiles/rby1_ros2_driver.dir/src/rby1_ros2_driver.cpp.o[0m
[1.238s] [ 66%] [32mBuilding CXX object CMakeFiles/rby1_ros2_driver.dir/src/main.cpp.o[0m
[4.172s] [100%] [32m[1mLinking CXX executable rby1_ros2_driver[0m
[4.393s] [100%] Built target rby1_ros2_driver
[4.397s] Invoked command in '/home/rainbow/test_ws/src/rby1_ros2/rby1_driver/build/rby1_driver' returned '0': CMAKE_PREFIX_PATH=${CMAKE_PREFIX_PATH}:/home/rainbow/ws_moveit2/install/moveit_configs_utils:/home/rainbow/ws_moveit2/install/launch_param_builder:/home/rainbow/rby1_ros2_ws/install/rby1_subscriber_pkg:/home/rainbow/rby1_ros2_ws/install/rby1_mobile_control:/opt/ros/humble /opt/cmake/bin/cmake --build /home/rainbow/test_ws/src/rby1_ros2/rby1_driver/build/rby1_driver -- -j16 -l16
[4.401s] Invoking command in '/home/rainbow/test_ws/src/rby1_ros2/rby1_driver/build/rby1_driver': CMAKE_PREFIX_PATH=${CMAKE_PREFIX_PATH}:/home/rainbow/ws_moveit2/install/moveit_configs_utils:/home/rainbow/ws_moveit2/install/launch_param_builder:/home/rainbow/rby1_ros2_ws/install/rby1_subscriber_pkg:/home/rainbow/rby1_ros2_ws/install/rby1_mobile_control:/opt/ros/humble /opt/cmake/bin/cmake --install /home/rainbow/test_ws/src/rby1_ros2/rby1_driver/build/rby1_driver
[4.404s] -- Install configuration: ""
[4.404s] -- Execute custom install script
[4.404s] -- Symlinking: /home/rainbow/test_ws/src/rby1_ros2/rby1_driver/install/rby1_driver/lib/rby1_driver/rby1_ros2_driver
[4.408s] -- Symlinking: /home/rainbow/test_ws/src/rby1_ros2/rby1_driver/install/rby1_driver/share/rby1_driver/launch/rby1_ros2_driver.launch.py
[4.411s] -- Symlinking: /home/rainbow/test_ws/src/rby1_ros2/rby1_driver/install/rby1_driver/share/rby1_driver/config/driver_parameters.yaml
[4.414s] -- Symlinking: /home/rainbow/test_ws/src/rby1_ros2/rby1_driver/install/rby1_driver/share/ament_index/resource_index/package_run_dependencies/rby1_driver
[4.417s] -- Symlinking: /home/rainbow/test_ws/src/rby1_ros2/rby1_driver/install/rby1_driver/share/ament_index/resource_index/parent_prefix_path/rby1_driver
[4.420s] -- Symlinking: /home/rainbow/test_ws/src/rby1_ros2/rby1_driver/install/rby1_driver/share/rby1_driver/environment/ament_prefix_path.sh
[4.423s] -- Symlinking: /home/rainbow/test_ws/src/rby1_ros2/rby1_driver/install/rby1_driver/share/rby1_driver/environment/ament_prefix_path.dsv
[4.426s] -- Symlinking: /home/rainbow/test_ws/src/rby1_ros2/rby1_driver/install/rby1_driver/share/rby1_driver/environment/path.sh
[4.428s] -- Symlinking: /home/rainbow/test_ws/src/rby1_ros2/rby1_driver/install/rby1_driver/share/rby1_driver/environment/path.dsv
[4.431s] -- Symlinking: /home/rainbow/test_ws/src/rby1_ros2/rby1_driver/install/rby1_driver/share/rby1_driver/local_setup.bash
[4.434s] -- Symlinking: /home/rainbow/test_ws/src/rby1_ros2/rby1_driver/install/rby1_driver/share/rby1_driver/local_setup.sh
[4.437s] -- Symlinking: /home/rainbow/test_ws/src/rby1_ros2/rby1_driver/install/rby1_driver/share/rby1_driver/local_setup.zsh
[4.440s] -- Symlinking: /home/rainbow/test_ws/src/rby1_ros2/rby1_driver/install/rby1_driver/share/rby1_driver/local_setup.dsv
[4.443s] -- Symlinking: /home/rainbow/test_ws/src/rby1_ros2/rby1_driver/install/rby1_driver/share/rby1_driver/package.dsv
[4.445s] -- Symlinking: /home/rainbow/test_ws/src/rby1_ros2/rby1_driver/install/rby1_driver/share/ament_index/resource_index/packages/rby1_driver
[4.448s] -- Symlinking: /home/rainbow/test_ws/src/rby1_ros2/rby1_driver/install/rby1_driver/share/rby1_driver/cmake/rby1_driverConfig.cmake
[4.450s] -- Symlinking: /home/rainbow/test_ws/src/rby1_ros2/rby1_driver/install/rby1_driver/share/rby1_driver/cmake/rby1_driverConfig-version.cmake
[4.453s] -- Symlinking: /home/rainbow/test_ws/src/rby1_ros2/rby1_driver/install/rby1_driver/share/rby1_driver/package.xml
[4.457s] Invoked command in '/home/rainbow/test_ws/src/rby1_ros2/rby1_driver/build/rby1_driver' returned '0': CMAKE_PREFIX_PATH=${CMAKE_PREFIX_PATH}:/home/rainbow/ws_moveit2/install/moveit_configs_utils:/home/rainbow/ws_moveit2/install/launch_param_builder:/home/rainbow/rby1_ros2_ws/install/rby1_subscriber_pkg:/home/rainbow/rby1_ros2_ws/install/rby1_mobile_control:/opt/ros/humble /opt/cmake/bin/cmake --install /home/rainbow/test_ws/src/rby1_ros2/rby1_driver/build/rby1_driver
